<?xml version="1.0" encoding="UTF-8"?>
<!-- Generated by org.testng.reporters.JUnitReportReporter -->
<testsuite skipped="0" hostname="DESKTOP-HGGBPMG" name="com.app.TestBase.TestBase" tests="1" failures="0" timestamp="05 May 2018 12:56:13 GMT" time="7.070" errors="0">
  <testcase name="appInit" time="7.070" classname="com.app.TestBase.TestBase"/>
</testsuite> <!-- com.app.TestBase.TestBase -->
